<?xml version="1.0" encoding="UTF-8"?>
<!-- Generated by org.testng.reporters.JUnitReportReporter -->
<testsuite hostname="Shubham" failures="0" tests="4" name="com.app.testCases.TestCases" time="13.570" errors="0" timestamp="2024-11-27T22:47:05 IST" skipped="0">
  <testcase classname="com.app.testCases.TestCases" name="verifyRevCalPage" time="0.930"/>
  <testcase classname="com.app.testCases.TestCases" name="scrollDownButton" time="11.787"/>
  <testcase classname="com.app.testCases.TestCases" name="selectCPR" time="0.831"/>
  <testcase classname="com.app.testCases.TestCases" name="verifyHomePage" time="0.022"/>
</testsuite> <!-- com.app.testCases.TestCases -->
